c:\users\alexa\onedrive\desktop\pg_lab1\lab8_pg\lab8_pg\x64\release\vc143.pdb
c:\users\alexa\onedrive\desktop\pg_lab1\lab8_pg\lab8_pg\x64\release\tiny_obj_loader.obj
c:\users\alexa\onedrive\desktop\pg_lab1\lab8_pg\lab8_pg\x64\release\stb_image.obj
c:\users\alexa\onedrive\desktop\pg_lab1\lab8_pg\lab8_pg\x64\release\skybox.obj
c:\users\alexa\onedrive\desktop\pg_lab1\lab8_pg\lab8_pg\x64\release\shader.obj
c:\users\alexa\onedrive\desktop\pg_lab1\lab8_pg\lab8_pg\x64\release\raycaster.obj
c:\users\alexa\onedrive\desktop\pg_lab1\lab8_pg\lab8_pg\x64\release\model3d.obj
c:\users\alexa\onedrive\desktop\pg_lab1\lab8_pg\lab8_pg\x64\release\mesh.obj
c:\users\alexa\onedrive\desktop\pg_lab1\lab8_pg\lab8_pg\x64\release\main.obj
c:\users\alexa\onedrive\desktop\pg_lab1\lab8_pg\lab8_pg\x64\release\camera.obj
c:\users\alexa\onedrive\desktop\pg_lab1\lab8_pg\x64\release\lab8_pg.exe
c:\users\alexa\onedrive\desktop\pg_lab1\lab8_pg\lab8_pg\x64\release\lab8_pg.ipdb
c:\users\alexa\onedrive\desktop\pg_lab1\lab8_pg\x64\release\lab8_pg.pdb
c:\users\alexa\onedrive\desktop\pg_lab1\lab8_pg\lab8_pg\x64\release\lab8_pg.iobj
c:\users\alexa\onedrive\desktop\pg_lab1\lab8_pg\lab8_pg\x64\release\lab8_pg.pdb
c:\users\alexa\onedrive\desktop\pg_lab1\lab8_pg\lab8_pg\x64\release\lab8_pg.tlog\cl.command.1.tlog
c:\users\alexa\onedrive\desktop\pg_lab1\lab8_pg\lab8_pg\x64\release\lab8_pg.tlog\cl.items.tlog
c:\users\alexa\onedrive\desktop\pg_lab1\lab8_pg\lab8_pg\x64\release\lab8_pg.tlog\cl.read.1.tlog
c:\users\alexa\onedrive\desktop\pg_lab1\lab8_pg\lab8_pg\x64\release\lab8_pg.tlog\cl.write.1.tlog
c:\users\alexa\onedrive\desktop\pg_lab1\lab8_pg\lab8_pg\x64\release\lab8_pg.tlog\link.command.1.tlog
c:\users\alexa\onedrive\desktop\pg_lab1\lab8_pg\lab8_pg\x64\release\lab8_pg.tlog\link.read.1.tlog
c:\users\alexa\onedrive\desktop\pg_lab1\lab8_pg\lab8_pg\x64\release\lab8_pg.tlog\link.write.1.tlog
